2025-04-24 04:49:39 notice: 4.5.0 - Dynamic properties will be removed in PHP 8.2. Add `public $Categories = null;` to your class definition or use `#[AllowDynamicProperties]` attribute.
C:\xampp\htdocs\cakephp\cms\vendor\cakephp\bake\src\Command\TestCommand.php, line: 493
You can disable all deprecation warnings by setting `Error.errorLevel` to `E_ALL & ~E_USER_DEPRECATED`. Adding `vendor/cakephp/bake/src/Command/TestCommand.php` to `Error.ignoredDeprecationPaths` in your `config/app.php` config will mute deprecations from that file only.
Trace:
C:\xampp\htdocs\cakephp\cms\vendor\cakephp\cakephp\src\Core\functions.php C:\xampp\htdocs\cakephp\cms\vendor\cakephp\cakephp\src\Core\functions.php, line 318
C:\xampp\htdocs\cakephp\cms\vendor\cakephp\cakephp\src\Datasource\ModelAwareTrait.php C:\xampp\htdocs\cakephp\cms\vendor\cakephp\cakephp\src\Datasource\ModelAwareTrait.php, line 121
Cake\Controller\Controller->loadModel() C:\xampp\htdocs\cakephp\cms\vendor\cakephp\bake\src\Command\TestCommand.php, line 493
Bake\Command\TestCommand->_processController() C:\xampp\htdocs\cakephp\cms\vendor\cakephp\bake\src\Command\TestCommand.php, line 452
Bake\Command\TestCommand->generateFixtureList() C:\xampp\htdocs\cakephp\cms\vendor\cakephp\bake\src\Command\TestCommand.php, line 258
Bake\Command\TestCommand->bake() C:\xampp\htdocs\cakephp\cms\vendor\cakephp\bake\src\Command\TestCommand.php, line 132
Bake\Command\TestCommand->execute() C:\xampp\htdocs\cakephp\cms\vendor\cakephp\bake\src\Command\ControllerCommand.php, line 207
Bake\Command\ControllerCommand->bakeTest() C:\xampp\htdocs\cakephp\cms\vendor\cakephp\bake\src\Command\ControllerCommand.php, line 154
Bake\Command\ControllerCommand->bake() C:\xampp\htdocs\cakephp\cms\vendor\cakephp\bake\src\Command\ControllerCommand.php, line 64
Bake\Command\ControllerCommand->execute() C:\xampp\htdocs\cakephp\cms\vendor\cakephp\bake\src\Command\AllCommand.php, line 115
Bake\Command\AllCommand->execute() C:\xampp\htdocs\cakephp\cms\vendor\cakephp\cakephp\src\Console\BaseCommand.php, line 190
Cake\Console\BaseCommand->run() C:\xampp\htdocs\cakephp\cms\vendor\cakephp\cakephp\src\Console\CommandRunner.php, line 334
Cake\Console\CommandRunner->runCommand() C:\xampp\htdocs\cakephp\cms\vendor\cakephp\cakephp\src\Console\CommandRunner.php, line 172
Cake\Console\CommandRunner->run() C:\xampp\htdocs\cakephp\cms\bin\cake.php, line 12
[main]

2025-04-24 08:46:00 notice: 4.5.0 - Dynamic properties will be removed in PHP 8.2. Add `public $BlogPosts = null;` to your class definition or use `#[AllowDynamicProperties]` attribute.
C:\xampp\htdocs\cakephp\cms\vendor\cakephp\bake\src\Command\TestCommand.php, line: 493
You can disable all deprecation warnings by setting `Error.errorLevel` to `E_ALL & ~E_USER_DEPRECATED`. Adding `vendor/cakephp/bake/src/Command/TestCommand.php` to `Error.ignoredDeprecationPaths` in your `config/app.php` config will mute deprecations from that file only.
Trace:
C:\xampp\htdocs\cakephp\cms\vendor\cakephp\cakephp\src\Core\functions.php C:\xampp\htdocs\cakephp\cms\vendor\cakephp\cakephp\src\Core\functions.php, line 318
C:\xampp\htdocs\cakephp\cms\vendor\cakephp\cakephp\src\Datasource\ModelAwareTrait.php C:\xampp\htdocs\cakephp\cms\vendor\cakephp\cakephp\src\Datasource\ModelAwareTrait.php, line 121
Cake\Controller\Controller->loadModel() C:\xampp\htdocs\cakephp\cms\vendor\cakephp\bake\src\Command\TestCommand.php, line 493
Bake\Command\TestCommand->_processController() C:\xampp\htdocs\cakephp\cms\vendor\cakephp\bake\src\Command\TestCommand.php, line 452
Bake\Command\TestCommand->generateFixtureList() C:\xampp\htdocs\cakephp\cms\vendor\cakephp\bake\src\Command\TestCommand.php, line 258
Bake\Command\TestCommand->bake() C:\xampp\htdocs\cakephp\cms\vendor\cakephp\bake\src\Command\TestCommand.php, line 132
Bake\Command\TestCommand->execute() C:\xampp\htdocs\cakephp\cms\vendor\cakephp\bake\src\Command\ControllerCommand.php, line 207
Bake\Command\ControllerCommand->bakeTest() C:\xampp\htdocs\cakephp\cms\vendor\cakephp\bake\src\Command\ControllerCommand.php, line 154
Bake\Command\ControllerCommand->bake() C:\xampp\htdocs\cakephp\cms\vendor\cakephp\bake\src\Command\ControllerCommand.php, line 64
Bake\Command\ControllerCommand->execute() C:\xampp\htdocs\cakephp\cms\vendor\cakephp\bake\src\Command\AllCommand.php, line 115
Bake\Command\AllCommand->execute() C:\xampp\htdocs\cakephp\cms\vendor\cakephp\cakephp\src\Console\BaseCommand.php, line 190
Cake\Console\BaseCommand->run() C:\xampp\htdocs\cakephp\cms\vendor\cakephp\cakephp\src\Console\CommandRunner.php, line 334
Cake\Console\CommandRunner->runCommand() C:\xampp\htdocs\cakephp\cms\vendor\cakephp\cakephp\src\Console\CommandRunner.php, line 172
Cake\Console\CommandRunner->run() C:\xampp\htdocs\cakephp\cms\bin\cake.php, line 12
[main]

2025-04-24 09:04:33 notice: 4.5.0 - Dynamic properties will be removed in PHP 8.2. Add `public $Categories = null;` to your class definition or use `#[AllowDynamicProperties]` attribute.
C:\xampp\htdocs\cakephp\cms\vendor\cakephp\bake\src\Command\TestCommand.php, line: 493
You can disable all deprecation warnings by setting `Error.errorLevel` to `E_ALL & ~E_USER_DEPRECATED`. Adding `vendor/cakephp/bake/src/Command/TestCommand.php` to `Error.ignoredDeprecationPaths` in your `config/app.php` config will mute deprecations from that file only.
Trace:
C:\xampp\htdocs\cakephp\cms\vendor\cakephp\cakephp\src\Core\functions.php C:\xampp\htdocs\cakephp\cms\vendor\cakephp\cakephp\src\Core\functions.php, line 318
C:\xampp\htdocs\cakephp\cms\vendor\cakephp\cakephp\src\Datasource\ModelAwareTrait.php C:\xampp\htdocs\cakephp\cms\vendor\cakephp\cakephp\src\Datasource\ModelAwareTrait.php, line 121
Cake\Controller\Controller->loadModel() C:\xampp\htdocs\cakephp\cms\vendor\cakephp\bake\src\Command\TestCommand.php, line 493
Bake\Command\TestCommand->_processController() C:\xampp\htdocs\cakephp\cms\vendor\cakephp\bake\src\Command\TestCommand.php, line 452
Bake\Command\TestCommand->generateFixtureList() C:\xampp\htdocs\cakephp\cms\vendor\cakephp\bake\src\Command\TestCommand.php, line 258
Bake\Command\TestCommand->bake() C:\xampp\htdocs\cakephp\cms\vendor\cakephp\bake\src\Command\TestCommand.php, line 132
Bake\Command\TestCommand->execute() C:\xampp\htdocs\cakephp\cms\vendor\cakephp\bake\src\Command\ControllerCommand.php, line 207
Bake\Command\ControllerCommand->bakeTest() C:\xampp\htdocs\cakephp\cms\vendor\cakephp\bake\src\Command\ControllerCommand.php, line 154
Bake\Command\ControllerCommand->bake() C:\xampp\htdocs\cakephp\cms\vendor\cakephp\bake\src\Command\ControllerCommand.php, line 64
Bake\Command\ControllerCommand->execute() C:\xampp\htdocs\cakephp\cms\vendor\cakephp\bake\src\Command\AllCommand.php, line 115
Bake\Command\AllCommand->execute() C:\xampp\htdocs\cakephp\cms\vendor\cakephp\cakephp\src\Console\BaseCommand.php, line 190
Cake\Console\BaseCommand->run() C:\xampp\htdocs\cakephp\cms\vendor\cakephp\cakephp\src\Console\CommandRunner.php, line 334
Cake\Console\CommandRunner->runCommand() C:\xampp\htdocs\cakephp\cms\vendor\cakephp\cakephp\src\Console\CommandRunner.php, line 172
Cake\Console\CommandRunner->run() C:\xampp\htdocs\cakephp\cms\bin\cake.php, line 12
[main]

2025-04-24 09:09:04 notice: 4.5.0 - Dynamic properties will be removed in PHP 8.2. Add `public $Categories = null;` to your class definition or use `#[AllowDynamicProperties]` attribute.
C:\xampp\htdocs\cakephp\cms\vendor\cakephp\bake\src\Command\TestCommand.php, line: 493
You can disable all deprecation warnings by setting `Error.errorLevel` to `E_ALL & ~E_USER_DEPRECATED`. Adding `vendor/cakephp/bake/src/Command/TestCommand.php` to `Error.ignoredDeprecationPaths` in your `config/app.php` config will mute deprecations from that file only.
Trace:
C:\xampp\htdocs\cakephp\cms\vendor\cakephp\cakephp\src\Core\functions.php C:\xampp\htdocs\cakephp\cms\vendor\cakephp\cakephp\src\Core\functions.php, line 318
C:\xampp\htdocs\cakephp\cms\vendor\cakephp\cakephp\src\Datasource\ModelAwareTrait.php C:\xampp\htdocs\cakephp\cms\vendor\cakephp\cakephp\src\Datasource\ModelAwareTrait.php, line 121
Cake\Controller\Controller->loadModel() C:\xampp\htdocs\cakephp\cms\vendor\cakephp\bake\src\Command\TestCommand.php, line 493
Bake\Command\TestCommand->_processController() C:\xampp\htdocs\cakephp\cms\vendor\cakephp\bake\src\Command\TestCommand.php, line 452
Bake\Command\TestCommand->generateFixtureList() C:\xampp\htdocs\cakephp\cms\vendor\cakephp\bake\src\Command\TestCommand.php, line 258
Bake\Command\TestCommand->bake() C:\xampp\htdocs\cakephp\cms\vendor\cakephp\bake\src\Command\TestCommand.php, line 132
Bake\Command\TestCommand->execute() C:\xampp\htdocs\cakephp\cms\vendor\cakephp\bake\src\Command\ControllerCommand.php, line 207
Bake\Command\ControllerCommand->bakeTest() C:\xampp\htdocs\cakephp\cms\vendor\cakephp\bake\src\Command\ControllerCommand.php, line 154
Bake\Command\ControllerCommand->bake() C:\xampp\htdocs\cakephp\cms\vendor\cakephp\bake\src\Command\ControllerCommand.php, line 64
Bake\Command\ControllerCommand->execute() C:\xampp\htdocs\cakephp\cms\vendor\cakephp\bake\src\Command\AllCommand.php, line 115
Bake\Command\AllCommand->execute() C:\xampp\htdocs\cakephp\cms\vendor\cakephp\cakephp\src\Console\BaseCommand.php, line 190
Cake\Console\BaseCommand->run() C:\xampp\htdocs\cakephp\cms\vendor\cakephp\cakephp\src\Console\CommandRunner.php, line 334
Cake\Console\CommandRunner->runCommand() C:\xampp\htdocs\cakephp\cms\vendor\cakephp\cakephp\src\Console\CommandRunner.php, line 172
Cake\Console\CommandRunner->run() C:\xampp\htdocs\cakephp\cms\bin\cake.php, line 12
[main]

2025-04-24 10:23:12 notice: 4.5.0 - Dynamic properties will be removed in PHP 8.2. Add `public $Products = null;` to your class definition or use `#[AllowDynamicProperties]` attribute.
C:\xampp\htdocs\cakephp\cms\vendor\cakephp\bake\src\Command\TestCommand.php, line: 493
You can disable all deprecation warnings by setting `Error.errorLevel` to `E_ALL & ~E_USER_DEPRECATED`. Adding `vendor/cakephp/bake/src/Command/TestCommand.php` to `Error.ignoredDeprecationPaths` in your `config/app.php` config will mute deprecations from that file only.
Trace:
C:\xampp\htdocs\cakephp\cms\vendor\cakephp\cakephp\src\Core\functions.php C:\xampp\htdocs\cakephp\cms\vendor\cakephp\cakephp\src\Core\functions.php, line 318
C:\xampp\htdocs\cakephp\cms\vendor\cakephp\cakephp\src\Datasource\ModelAwareTrait.php C:\xampp\htdocs\cakephp\cms\vendor\cakephp\cakephp\src\Datasource\ModelAwareTrait.php, line 121
Cake\Controller\Controller->loadModel() C:\xampp\htdocs\cakephp\cms\vendor\cakephp\bake\src\Command\TestCommand.php, line 493
Bake\Command\TestCommand->_processController() C:\xampp\htdocs\cakephp\cms\vendor\cakephp\bake\src\Command\TestCommand.php, line 452
Bake\Command\TestCommand->generateFixtureList() C:\xampp\htdocs\cakephp\cms\vendor\cakephp\bake\src\Command\TestCommand.php, line 258
Bake\Command\TestCommand->bake() C:\xampp\htdocs\cakephp\cms\vendor\cakephp\bake\src\Command\TestCommand.php, line 132
Bake\Command\TestCommand->execute() C:\xampp\htdocs\cakephp\cms\vendor\cakephp\bake\src\Command\ControllerCommand.php, line 207
Bake\Command\ControllerCommand->bakeTest() C:\xampp\htdocs\cakephp\cms\vendor\cakephp\bake\src\Command\ControllerCommand.php, line 154
Bake\Command\ControllerCommand->bake() C:\xampp\htdocs\cakephp\cms\vendor\cakephp\bake\src\Command\ControllerCommand.php, line 64
Bake\Command\ControllerCommand->execute() C:\xampp\htdocs\cakephp\cms\vendor\cakephp\bake\src\Command\AllCommand.php, line 115
Bake\Command\AllCommand->execute() C:\xampp\htdocs\cakephp\cms\vendor\cakephp\cakephp\src\Console\BaseCommand.php, line 190
Cake\Console\BaseCommand->run() C:\xampp\htdocs\cakephp\cms\vendor\cakephp\cakephp\src\Console\CommandRunner.php, line 334
Cake\Console\CommandRunner->runCommand() C:\xampp\htdocs\cakephp\cms\vendor\cakephp\cakephp\src\Console\CommandRunner.php, line 172
Cake\Console\CommandRunner->run() C:\xampp\htdocs\cakephp\cms\bin\cake.php, line 12
[main]

2025-04-24 10:29:42 notice: 4.5.0 - Dynamic properties will be removed in PHP 8.2. Add `public $Categories = null;` to your class definition or use `#[AllowDynamicProperties]` attribute.
C:\xampp\htdocs\cakephp\cms\vendor\cakephp\bake\src\Command\TestCommand.php, line: 493
You can disable all deprecation warnings by setting `Error.errorLevel` to `E_ALL & ~E_USER_DEPRECATED`. Adding `vendor/cakephp/bake/src/Command/TestCommand.php` to `Error.ignoredDeprecationPaths` in your `config/app.php` config will mute deprecations from that file only.
Trace:
C:\xampp\htdocs\cakephp\cms\vendor\cakephp\cakephp\src\Core\functions.php C:\xampp\htdocs\cakephp\cms\vendor\cakephp\cakephp\src\Core\functions.php, line 318
C:\xampp\htdocs\cakephp\cms\vendor\cakephp\cakephp\src\Datasource\ModelAwareTrait.php C:\xampp\htdocs\cakephp\cms\vendor\cakephp\cakephp\src\Datasource\ModelAwareTrait.php, line 121
Cake\Controller\Controller->loadModel() C:\xampp\htdocs\cakephp\cms\vendor\cakephp\bake\src\Command\TestCommand.php, line 493
Bake\Command\TestCommand->_processController() C:\xampp\htdocs\cakephp\cms\vendor\cakephp\bake\src\Command\TestCommand.php, line 452
Bake\Command\TestCommand->generateFixtureList() C:\xampp\htdocs\cakephp\cms\vendor\cakephp\bake\src\Command\TestCommand.php, line 258
Bake\Command\TestCommand->bake() C:\xampp\htdocs\cakephp\cms\vendor\cakephp\bake\src\Command\TestCommand.php, line 132
Bake\Command\TestCommand->execute() C:\xampp\htdocs\cakephp\cms\vendor\cakephp\bake\src\Command\ControllerCommand.php, line 207
Bake\Command\ControllerCommand->bakeTest() C:\xampp\htdocs\cakephp\cms\vendor\cakephp\bake\src\Command\ControllerCommand.php, line 154
Bake\Command\ControllerCommand->bake() C:\xampp\htdocs\cakephp\cms\vendor\cakephp\bake\src\Command\ControllerCommand.php, line 64
Bake\Command\ControllerCommand->execute() C:\xampp\htdocs\cakephp\cms\vendor\cakephp\bake\src\Command\AllCommand.php, line 115
Bake\Command\AllCommand->execute() C:\xampp\htdocs\cakephp\cms\vendor\cakephp\cakephp\src\Console\BaseCommand.php, line 190
Cake\Console\BaseCommand->run() C:\xampp\htdocs\cakephp\cms\vendor\cakephp\cakephp\src\Console\CommandRunner.php, line 334
Cake\Console\CommandRunner->runCommand() C:\xampp\htdocs\cakephp\cms\vendor\cakephp\cakephp\src\Console\CommandRunner.php, line 172
Cake\Console\CommandRunner->run() C:\xampp\htdocs\cakephp\cms\bin\cake.php, line 12
[main]

2025-04-24 11:24:21 notice: 4.5.0 - Dynamic properties will be removed in PHP 8.2. Add `public $Categories = null;` to your class definition or use `#[AllowDynamicProperties]` attribute.
C:\xampp\htdocs\cakephp\cms\vendor\cakephp\bake\src\Command\TestCommand.php, line: 493
You can disable all deprecation warnings by setting `Error.errorLevel` to `E_ALL & ~E_USER_DEPRECATED`. Adding `vendor/cakephp/bake/src/Command/TestCommand.php` to `Error.ignoredDeprecationPaths` in your `config/app.php` config will mute deprecations from that file only.
Trace:
C:\xampp\htdocs\cakephp\cms\vendor\cakephp\cakephp\src\Core\functions.php C:\xampp\htdocs\cakephp\cms\vendor\cakephp\cakephp\src\Core\functions.php, line 318
C:\xampp\htdocs\cakephp\cms\vendor\cakephp\cakephp\src\Datasource\ModelAwareTrait.php C:\xampp\htdocs\cakephp\cms\vendor\cakephp\cakephp\src\Datasource\ModelAwareTrait.php, line 121
Cake\Controller\Controller->loadModel() C:\xampp\htdocs\cakephp\cms\vendor\cakephp\bake\src\Command\TestCommand.php, line 493
Bake\Command\TestCommand->_processController() C:\xampp\htdocs\cakephp\cms\vendor\cakephp\bake\src\Command\TestCommand.php, line 452
Bake\Command\TestCommand->generateFixtureList() C:\xampp\htdocs\cakephp\cms\vendor\cakephp\bake\src\Command\TestCommand.php, line 258
Bake\Command\TestCommand->bake() C:\xampp\htdocs\cakephp\cms\vendor\cakephp\bake\src\Command\TestCommand.php, line 132
Bake\Command\TestCommand->execute() C:\xampp\htdocs\cakephp\cms\vendor\cakephp\bake\src\Command\ControllerCommand.php, line 207
Bake\Command\ControllerCommand->bakeTest() C:\xampp\htdocs\cakephp\cms\vendor\cakephp\bake\src\Command\ControllerCommand.php, line 154
Bake\Command\ControllerCommand->bake() C:\xampp\htdocs\cakephp\cms\vendor\cakephp\bake\src\Command\ControllerCommand.php, line 64
Bake\Command\ControllerCommand->execute() C:\xampp\htdocs\cakephp\cms\vendor\cakephp\bake\src\Command\AllCommand.php, line 115
Bake\Command\AllCommand->execute() C:\xampp\htdocs\cakephp\cms\vendor\cakephp\cakephp\src\Console\BaseCommand.php, line 190
Cake\Console\BaseCommand->run() C:\xampp\htdocs\cakephp\cms\vendor\cakephp\cakephp\src\Console\CommandRunner.php, line 334
Cake\Console\CommandRunner->runCommand() C:\xampp\htdocs\cakephp\cms\vendor\cakephp\cakephp\src\Console\CommandRunner.php, line 172
Cake\Console\CommandRunner->run() C:\xampp\htdocs\cakephp\cms\bin\cake.php, line 12
[main]

2025-04-24 11:24:47 notice: 4.5.0 - Dynamic properties will be removed in PHP 8.2. Add `public $BlogPosts = null;` to your class definition or use `#[AllowDynamicProperties]` attribute.
C:\xampp\htdocs\cakephp\cms\vendor\cakephp\bake\src\Command\TestCommand.php, line: 493
You can disable all deprecation warnings by setting `Error.errorLevel` to `E_ALL & ~E_USER_DEPRECATED`. Adding `vendor/cakephp/bake/src/Command/TestCommand.php` to `Error.ignoredDeprecationPaths` in your `config/app.php` config will mute deprecations from that file only.
Trace:
C:\xampp\htdocs\cakephp\cms\vendor\cakephp\cakephp\src\Core\functions.php C:\xampp\htdocs\cakephp\cms\vendor\cakephp\cakephp\src\Core\functions.php, line 318
C:\xampp\htdocs\cakephp\cms\vendor\cakephp\cakephp\src\Datasource\ModelAwareTrait.php C:\xampp\htdocs\cakephp\cms\vendor\cakephp\cakephp\src\Datasource\ModelAwareTrait.php, line 121
Cake\Controller\Controller->loadModel() C:\xampp\htdocs\cakephp\cms\vendor\cakephp\bake\src\Command\TestCommand.php, line 493
Bake\Command\TestCommand->_processController() C:\xampp\htdocs\cakephp\cms\vendor\cakephp\bake\src\Command\TestCommand.php, line 452
Bake\Command\TestCommand->generateFixtureList() C:\xampp\htdocs\cakephp\cms\vendor\cakephp\bake\src\Command\TestCommand.php, line 258
Bake\Command\TestCommand->bake() C:\xampp\htdocs\cakephp\cms\vendor\cakephp\bake\src\Command\TestCommand.php, line 132
Bake\Command\TestCommand->execute() C:\xampp\htdocs\cakephp\cms\vendor\cakephp\bake\src\Command\ControllerCommand.php, line 207
Bake\Command\ControllerCommand->bakeTest() C:\xampp\htdocs\cakephp\cms\vendor\cakephp\bake\src\Command\ControllerCommand.php, line 154
Bake\Command\ControllerCommand->bake() C:\xampp\htdocs\cakephp\cms\vendor\cakephp\bake\src\Command\ControllerCommand.php, line 64
Bake\Command\ControllerCommand->execute() C:\xampp\htdocs\cakephp\cms\vendor\cakephp\bake\src\Command\AllCommand.php, line 115
Bake\Command\AllCommand->execute() C:\xampp\htdocs\cakephp\cms\vendor\cakephp\cakephp\src\Console\BaseCommand.php, line 190
Cake\Console\BaseCommand->run() C:\xampp\htdocs\cakephp\cms\vendor\cakephp\cakephp\src\Console\CommandRunner.php, line 334
Cake\Console\CommandRunner->runCommand() C:\xampp\htdocs\cakephp\cms\vendor\cakephp\cakephp\src\Console\CommandRunner.php, line 172
Cake\Console\CommandRunner->run() C:\xampp\htdocs\cakephp\cms\bin\cake.php, line 12
[main]

2025-04-24 11:48:23 notice: 4.5.0 - Dynamic properties will be removed in PHP 8.2. Add `public $Categories = null;` to your class definition or use `#[AllowDynamicProperties]` attribute.
C:\xampp\htdocs\cakephp\cms\vendor\cakephp\bake\src\Command\TestCommand.php, line: 493
You can disable all deprecation warnings by setting `Error.errorLevel` to `E_ALL & ~E_USER_DEPRECATED`. Adding `vendor/cakephp/bake/src/Command/TestCommand.php` to `Error.ignoredDeprecationPaths` in your `config/app.php` config will mute deprecations from that file only.
Trace:
C:\xampp\htdocs\cakephp\cms\vendor\cakephp\cakephp\src\Core\functions.php C:\xampp\htdocs\cakephp\cms\vendor\cakephp\cakephp\src\Core\functions.php, line 318
C:\xampp\htdocs\cakephp\cms\vendor\cakephp\cakephp\src\Datasource\ModelAwareTrait.php C:\xampp\htdocs\cakephp\cms\vendor\cakephp\cakephp\src\Datasource\ModelAwareTrait.php, line 121
Cake\Controller\Controller->loadModel() C:\xampp\htdocs\cakephp\cms\vendor\cakephp\bake\src\Command\TestCommand.php, line 493
Bake\Command\TestCommand->_processController() C:\xampp\htdocs\cakephp\cms\vendor\cakephp\bake\src\Command\TestCommand.php, line 452
Bake\Command\TestCommand->generateFixtureList() C:\xampp\htdocs\cakephp\cms\vendor\cakephp\bake\src\Command\TestCommand.php, line 258
Bake\Command\TestCommand->bake() C:\xampp\htdocs\cakephp\cms\vendor\cakephp\bake\src\Command\TestCommand.php, line 132
Bake\Command\TestCommand->execute() C:\xampp\htdocs\cakephp\cms\vendor\cakephp\bake\src\Command\ControllerCommand.php, line 207
Bake\Command\ControllerCommand->bakeTest() C:\xampp\htdocs\cakephp\cms\vendor\cakephp\bake\src\Command\ControllerCommand.php, line 154
Bake\Command\ControllerCommand->bake() C:\xampp\htdocs\cakephp\cms\vendor\cakephp\bake\src\Command\ControllerCommand.php, line 64
Bake\Command\ControllerCommand->execute() C:\xampp\htdocs\cakephp\cms\vendor\cakephp\bake\src\Command\AllCommand.php, line 115
Bake\Command\AllCommand->execute() C:\xampp\htdocs\cakephp\cms\vendor\cakephp\cakephp\src\Console\BaseCommand.php, line 190
Cake\Console\BaseCommand->run() C:\xampp\htdocs\cakephp\cms\vendor\cakephp\cakephp\src\Console\CommandRunner.php, line 334
Cake\Console\CommandRunner->runCommand() C:\xampp\htdocs\cakephp\cms\vendor\cakephp\cakephp\src\Console\CommandRunner.php, line 172
Cake\Console\CommandRunner->run() C:\xampp\htdocs\cakephp\cms\bin\cake.php, line 12
[main]

2025-04-24 11:49:19 notice: 4.5.0 - Dynamic properties will be removed in PHP 8.2. Add `public $BlogPosts = null;` to your class definition or use `#[AllowDynamicProperties]` attribute.
C:\xampp\htdocs\cakephp\cms\vendor\cakephp\bake\src\Command\TestCommand.php, line: 493
You can disable all deprecation warnings by setting `Error.errorLevel` to `E_ALL & ~E_USER_DEPRECATED`. Adding `vendor/cakephp/bake/src/Command/TestCommand.php` to `Error.ignoredDeprecationPaths` in your `config/app.php` config will mute deprecations from that file only.
Trace:
C:\xampp\htdocs\cakephp\cms\vendor\cakephp\cakephp\src\Core\functions.php C:\xampp\htdocs\cakephp\cms\vendor\cakephp\cakephp\src\Core\functions.php, line 318
C:\xampp\htdocs\cakephp\cms\vendor\cakephp\cakephp\src\Datasource\ModelAwareTrait.php C:\xampp\htdocs\cakephp\cms\vendor\cakephp\cakephp\src\Datasource\ModelAwareTrait.php, line 121
Cake\Controller\Controller->loadModel() C:\xampp\htdocs\cakephp\cms\vendor\cakephp\bake\src\Command\TestCommand.php, line 493
Bake\Command\TestCommand->_processController() C:\xampp\htdocs\cakephp\cms\vendor\cakephp\bake\src\Command\TestCommand.php, line 452
Bake\Command\TestCommand->generateFixtureList() C:\xampp\htdocs\cakephp\cms\vendor\cakephp\bake\src\Command\TestCommand.php, line 258
Bake\Command\TestCommand->bake() C:\xampp\htdocs\cakephp\cms\vendor\cakephp\bake\src\Command\TestCommand.php, line 132
Bake\Command\TestCommand->execute() C:\xampp\htdocs\cakephp\cms\vendor\cakephp\bake\src\Command\ControllerCommand.php, line 207
Bake\Command\ControllerCommand->bakeTest() C:\xampp\htdocs\cakephp\cms\vendor\cakephp\bake\src\Command\ControllerCommand.php, line 154
Bake\Command\ControllerCommand->bake() C:\xampp\htdocs\cakephp\cms\vendor\cakephp\bake\src\Command\ControllerCommand.php, line 64
Bake\Command\ControllerCommand->execute() C:\xampp\htdocs\cakephp\cms\vendor\cakephp\bake\src\Command\AllCommand.php, line 115
Bake\Command\AllCommand->execute() C:\xampp\htdocs\cakephp\cms\vendor\cakephp\cakephp\src\Console\BaseCommand.php, line 190
Cake\Console\BaseCommand->run() C:\xampp\htdocs\cakephp\cms\vendor\cakephp\cakephp\src\Console\CommandRunner.php, line 334
Cake\Console\CommandRunner->runCommand() C:\xampp\htdocs\cakephp\cms\vendor\cakephp\cakephp\src\Console\CommandRunner.php, line 172
Cake\Console\CommandRunner->run() C:\xampp\htdocs\cakephp\cms\bin\cake.php, line 12
[main]

2025-04-24 12:27:36 notice: 4.5.0 - Dynamic properties will be removed in PHP 8.2. Add `public $MetaFields = null;` to your class definition or use `#[AllowDynamicProperties]` attribute.
C:\xampp\htdocs\cakephp\cms\vendor\cakephp\bake\src\Command\TestCommand.php, line: 493
You can disable all deprecation warnings by setting `Error.errorLevel` to `E_ALL & ~E_USER_DEPRECATED`. Adding `vendor/cakephp/bake/src/Command/TestCommand.php` to `Error.ignoredDeprecationPaths` in your `config/app.php` config will mute deprecations from that file only.
Trace:
C:\xampp\htdocs\cakephp\cms\vendor\cakephp\cakephp\src\Core\functions.php C:\xampp\htdocs\cakephp\cms\vendor\cakephp\cakephp\src\Core\functions.php, line 318
C:\xampp\htdocs\cakephp\cms\vendor\cakephp\cakephp\src\Datasource\ModelAwareTrait.php C:\xampp\htdocs\cakephp\cms\vendor\cakephp\cakephp\src\Datasource\ModelAwareTrait.php, line 121
Cake\Controller\Controller->loadModel() C:\xampp\htdocs\cakephp\cms\vendor\cakephp\bake\src\Command\TestCommand.php, line 493
Bake\Command\TestCommand->_processController() C:\xampp\htdocs\cakephp\cms\vendor\cakephp\bake\src\Command\TestCommand.php, line 452
Bake\Command\TestCommand->generateFixtureList() C:\xampp\htdocs\cakephp\cms\vendor\cakephp\bake\src\Command\TestCommand.php, line 258
Bake\Command\TestCommand->bake() C:\xampp\htdocs\cakephp\cms\vendor\cakephp\bake\src\Command\TestCommand.php, line 132
Bake\Command\TestCommand->execute() C:\xampp\htdocs\cakephp\cms\vendor\cakephp\bake\src\Command\ControllerCommand.php, line 207
Bake\Command\ControllerCommand->bakeTest() C:\xampp\htdocs\cakephp\cms\vendor\cakephp\bake\src\Command\ControllerCommand.php, line 154
Bake\Command\ControllerCommand->bake() C:\xampp\htdocs\cakephp\cms\vendor\cakephp\bake\src\Command\ControllerCommand.php, line 64
Bake\Command\ControllerCommand->execute() C:\xampp\htdocs\cakephp\cms\vendor\cakephp\bake\src\Command\AllCommand.php, line 115
Bake\Command\AllCommand->execute() C:\xampp\htdocs\cakephp\cms\vendor\cakephp\cakephp\src\Console\BaseCommand.php, line 190
Cake\Console\BaseCommand->run() C:\xampp\htdocs\cakephp\cms\vendor\cakephp\cakephp\src\Console\CommandRunner.php, line 334
Cake\Console\CommandRunner->runCommand() C:\xampp\htdocs\cakephp\cms\vendor\cakephp\cakephp\src\Console\CommandRunner.php, line 172
Cake\Console\CommandRunner->run() C:\xampp\htdocs\cakephp\cms\bin\cake.php, line 12
[main]

2025-04-25 03:44:00 notice: 4.5.0 - Dynamic properties will be removed in PHP 8.2. Add `public $BlogPosts = null;` to your class definition or use `#[AllowDynamicProperties]` attribute.
C:\xampp\htdocs\cakephp\cms\vendor\cakephp\bake\src\Command\TestCommand.php, line: 493
You can disable all deprecation warnings by setting `Error.errorLevel` to `E_ALL & ~E_USER_DEPRECATED`. Adding `vendor/cakephp/bake/src/Command/TestCommand.php` to `Error.ignoredDeprecationPaths` in your `config/app.php` config will mute deprecations from that file only.
Trace:
C:\xampp\htdocs\cakephp\cms\vendor\cakephp\cakephp\src\Core\functions.php C:\xampp\htdocs\cakephp\cms\vendor\cakephp\cakephp\src\Core\functions.php, line 318
C:\xampp\htdocs\cakephp\cms\vendor\cakephp\cakephp\src\Datasource\ModelAwareTrait.php C:\xampp\htdocs\cakephp\cms\vendor\cakephp\cakephp\src\Datasource\ModelAwareTrait.php, line 121
Cake\Controller\Controller->loadModel() C:\xampp\htdocs\cakephp\cms\vendor\cakephp\bake\src\Command\TestCommand.php, line 493
Bake\Command\TestCommand->_processController() C:\xampp\htdocs\cakephp\cms\vendor\cakephp\bake\src\Command\TestCommand.php, line 452
Bake\Command\TestCommand->generateFixtureList() C:\xampp\htdocs\cakephp\cms\vendor\cakephp\bake\src\Command\TestCommand.php, line 258
Bake\Command\TestCommand->bake() C:\xampp\htdocs\cakephp\cms\vendor\cakephp\bake\src\Command\TestCommand.php, line 132
Bake\Command\TestCommand->execute() C:\xampp\htdocs\cakephp\cms\vendor\cakephp\bake\src\Command\ControllerCommand.php, line 207
Bake\Command\ControllerCommand->bakeTest() C:\xampp\htdocs\cakephp\cms\vendor\cakephp\bake\src\Command\ControllerCommand.php, line 154
Bake\Command\ControllerCommand->bake() C:\xampp\htdocs\cakephp\cms\vendor\cakephp\bake\src\Command\ControllerCommand.php, line 64
Bake\Command\ControllerCommand->execute() C:\xampp\htdocs\cakephp\cms\vendor\cakephp\bake\src\Command\AllCommand.php, line 115
Bake\Command\AllCommand->execute() C:\xampp\htdocs\cakephp\cms\vendor\cakephp\cakephp\src\Console\BaseCommand.php, line 190
Cake\Console\BaseCommand->run() C:\xampp\htdocs\cakephp\cms\vendor\cakephp\cakephp\src\Console\CommandRunner.php, line 334
Cake\Console\CommandRunner->runCommand() C:\xampp\htdocs\cakephp\cms\vendor\cakephp\cakephp\src\Console\CommandRunner.php, line 172
Cake\Console\CommandRunner->run() C:\xampp\htdocs\cakephp\cms\bin\cake.php, line 12
[main]

2025-04-25 03:45:58 notice: 4.5.0 - Dynamic properties will be removed in PHP 8.2. Add `public $Categories = null;` to your class definition or use `#[AllowDynamicProperties]` attribute.
C:\xampp\htdocs\cakephp\cms\vendor\cakephp\bake\src\Command\TestCommand.php, line: 493
You can disable all deprecation warnings by setting `Error.errorLevel` to `E_ALL & ~E_USER_DEPRECATED`. Adding `vendor/cakephp/bake/src/Command/TestCommand.php` to `Error.ignoredDeprecationPaths` in your `config/app.php` config will mute deprecations from that file only.
Trace:
C:\xampp\htdocs\cakephp\cms\vendor\cakephp\cakephp\src\Core\functions.php C:\xampp\htdocs\cakephp\cms\vendor\cakephp\cakephp\src\Core\functions.php, line 318
C:\xampp\htdocs\cakephp\cms\vendor\cakephp\cakephp\src\Datasource\ModelAwareTrait.php C:\xampp\htdocs\cakephp\cms\vendor\cakephp\cakephp\src\Datasource\ModelAwareTrait.php, line 121
Cake\Controller\Controller->loadModel() C:\xampp\htdocs\cakephp\cms\vendor\cakephp\bake\src\Command\TestCommand.php, line 493
Bake\Command\TestCommand->_processController() C:\xampp\htdocs\cakephp\cms\vendor\cakephp\bake\src\Command\TestCommand.php, line 452
Bake\Command\TestCommand->generateFixtureList() C:\xampp\htdocs\cakephp\cms\vendor\cakephp\bake\src\Command\TestCommand.php, line 258
Bake\Command\TestCommand->bake() C:\xampp\htdocs\cakephp\cms\vendor\cakephp\bake\src\Command\TestCommand.php, line 132
Bake\Command\TestCommand->execute() C:\xampp\htdocs\cakephp\cms\vendor\cakephp\bake\src\Command\ControllerCommand.php, line 207
Bake\Command\ControllerCommand->bakeTest() C:\xampp\htdocs\cakephp\cms\vendor\cakephp\bake\src\Command\ControllerCommand.php, line 154
Bake\Command\ControllerCommand->bake() C:\xampp\htdocs\cakephp\cms\vendor\cakephp\bake\src\Command\ControllerCommand.php, line 64
Bake\Command\ControllerCommand->execute() C:\xampp\htdocs\cakephp\cms\vendor\cakephp\bake\src\Command\AllCommand.php, line 115
Bake\Command\AllCommand->execute() C:\xampp\htdocs\cakephp\cms\vendor\cakephp\cakephp\src\Console\BaseCommand.php, line 190
Cake\Console\BaseCommand->run() C:\xampp\htdocs\cakephp\cms\vendor\cakephp\cakephp\src\Console\CommandRunner.php, line 334
Cake\Console\CommandRunner->runCommand() C:\xampp\htdocs\cakephp\cms\vendor\cakephp\cakephp\src\Console\CommandRunner.php, line 172
Cake\Console\CommandRunner->run() C:\xampp\htdocs\cakephp\cms\bin\cake.php, line 12
[main]

2025-04-25 03:52:47 notice: 4.5.0 - Dynamic properties will be removed in PHP 8.2. Add `public $Categories = null;` to your class definition or use `#[AllowDynamicProperties]` attribute.
C:\xampp\htdocs\cakephp\cms\vendor\cakephp\bake\src\Command\TestCommand.php, line: 493
You can disable all deprecation warnings by setting `Error.errorLevel` to `E_ALL & ~E_USER_DEPRECATED`. Adding `vendor/cakephp/bake/src/Command/TestCommand.php` to `Error.ignoredDeprecationPaths` in your `config/app.php` config will mute deprecations from that file only.
Trace:
C:\xampp\htdocs\cakephp\cms\vendor\cakephp\cakephp\src\Core\functions.php C:\xampp\htdocs\cakephp\cms\vendor\cakephp\cakephp\src\Core\functions.php, line 318
C:\xampp\htdocs\cakephp\cms\vendor\cakephp\cakephp\src\Datasource\ModelAwareTrait.php C:\xampp\htdocs\cakephp\cms\vendor\cakephp\cakephp\src\Datasource\ModelAwareTrait.php, line 121
Cake\Controller\Controller->loadModel() C:\xampp\htdocs\cakephp\cms\vendor\cakephp\bake\src\Command\TestCommand.php, line 493
Bake\Command\TestCommand->_processController() C:\xampp\htdocs\cakephp\cms\vendor\cakephp\bake\src\Command\TestCommand.php, line 452
Bake\Command\TestCommand->generateFixtureList() C:\xampp\htdocs\cakephp\cms\vendor\cakephp\bake\src\Command\TestCommand.php, line 258
Bake\Command\TestCommand->bake() C:\xampp\htdocs\cakephp\cms\vendor\cakephp\bake\src\Command\TestCommand.php, line 132
Bake\Command\TestCommand->execute() C:\xampp\htdocs\cakephp\cms\vendor\cakephp\bake\src\Command\ControllerCommand.php, line 207
Bake\Command\ControllerCommand->bakeTest() C:\xampp\htdocs\cakephp\cms\vendor\cakephp\bake\src\Command\ControllerCommand.php, line 154
Bake\Command\ControllerCommand->bake() C:\xampp\htdocs\cakephp\cms\vendor\cakephp\bake\src\Command\ControllerCommand.php, line 64
Bake\Command\ControllerCommand->execute() C:\xampp\htdocs\cakephp\cms\vendor\cakephp\bake\src\Command\AllCommand.php, line 115
Bake\Command\AllCommand->execute() C:\xampp\htdocs\cakephp\cms\vendor\cakephp\cakephp\src\Console\BaseCommand.php, line 190
Cake\Console\BaseCommand->run() C:\xampp\htdocs\cakephp\cms\vendor\cakephp\cakephp\src\Console\CommandRunner.php, line 334
Cake\Console\CommandRunner->runCommand() C:\xampp\htdocs\cakephp\cms\vendor\cakephp\cakephp\src\Console\CommandRunner.php, line 172
Cake\Console\CommandRunner->run() C:\xampp\htdocs\cakephp\cms\bin\cake.php, line 12
[main]

2025-04-25 03:58:25 notice: 4.5.0 - Dynamic properties will be removed in PHP 8.2. Add `public $Categories = null;` to your class definition or use `#[AllowDynamicProperties]` attribute.
C:\xampp\htdocs\cakephp\cms\vendor\cakephp\bake\src\Command\TestCommand.php, line: 493
You can disable all deprecation warnings by setting `Error.errorLevel` to `E_ALL & ~E_USER_DEPRECATED`. Adding `vendor/cakephp/bake/src/Command/TestCommand.php` to `Error.ignoredDeprecationPaths` in your `config/app.php` config will mute deprecations from that file only.
Trace:
C:\xampp\htdocs\cakephp\cms\vendor\cakephp\cakephp\src\Core\functions.php C:\xampp\htdocs\cakephp\cms\vendor\cakephp\cakephp\src\Core\functions.php, line 318
C:\xampp\htdocs\cakephp\cms\vendor\cakephp\cakephp\src\Datasource\ModelAwareTrait.php C:\xampp\htdocs\cakephp\cms\vendor\cakephp\cakephp\src\Datasource\ModelAwareTrait.php, line 121
Cake\Controller\Controller->loadModel() C:\xampp\htdocs\cakephp\cms\vendor\cakephp\bake\src\Command\TestCommand.php, line 493
Bake\Command\TestCommand->_processController() C:\xampp\htdocs\cakephp\cms\vendor\cakephp\bake\src\Command\TestCommand.php, line 452
Bake\Command\TestCommand->generateFixtureList() C:\xampp\htdocs\cakephp\cms\vendor\cakephp\bake\src\Command\TestCommand.php, line 258
Bake\Command\TestCommand->bake() C:\xampp\htdocs\cakephp\cms\vendor\cakephp\bake\src\Command\TestCommand.php, line 132
Bake\Command\TestCommand->execute() C:\xampp\htdocs\cakephp\cms\vendor\cakephp\bake\src\Command\ControllerCommand.php, line 207
Bake\Command\ControllerCommand->bakeTest() C:\xampp\htdocs\cakephp\cms\vendor\cakephp\bake\src\Command\ControllerCommand.php, line 154
Bake\Command\ControllerCommand->bake() C:\xampp\htdocs\cakephp\cms\vendor\cakephp\bake\src\Command\ControllerCommand.php, line 64
Bake\Command\ControllerCommand->execute() C:\xampp\htdocs\cakephp\cms\vendor\cakephp\bake\src\Command\AllCommand.php, line 115
Bake\Command\AllCommand->execute() C:\xampp\htdocs\cakephp\cms\vendor\cakephp\cakephp\src\Console\BaseCommand.php, line 190
Cake\Console\BaseCommand->run() C:\xampp\htdocs\cakephp\cms\vendor\cakephp\cakephp\src\Console\CommandRunner.php, line 334
Cake\Console\CommandRunner->runCommand() C:\xampp\htdocs\cakephp\cms\vendor\cakephp\cakephp\src\Console\CommandRunner.php, line 172
Cake\Console\CommandRunner->run() C:\xampp\htdocs\cakephp\cms\bin\cake.php, line 12
[main]

2025-04-25 03:58:36 notice: 4.5.0 - Dynamic properties will be removed in PHP 8.2. Add `public $BlogPosts = null;` to your class definition or use `#[AllowDynamicProperties]` attribute.
C:\xampp\htdocs\cakephp\cms\vendor\cakephp\bake\src\Command\TestCommand.php, line: 493
You can disable all deprecation warnings by setting `Error.errorLevel` to `E_ALL & ~E_USER_DEPRECATED`. Adding `vendor/cakephp/bake/src/Command/TestCommand.php` to `Error.ignoredDeprecationPaths` in your `config/app.php` config will mute deprecations from that file only.
Trace:
C:\xampp\htdocs\cakephp\cms\vendor\cakephp\cakephp\src\Core\functions.php C:\xampp\htdocs\cakephp\cms\vendor\cakephp\cakephp\src\Core\functions.php, line 318
C:\xampp\htdocs\cakephp\cms\vendor\cakephp\cakephp\src\Datasource\ModelAwareTrait.php C:\xampp\htdocs\cakephp\cms\vendor\cakephp\cakephp\src\Datasource\ModelAwareTrait.php, line 121
Cake\Controller\Controller->loadModel() C:\xampp\htdocs\cakephp\cms\vendor\cakephp\bake\src\Command\TestCommand.php, line 493
Bake\Command\TestCommand->_processController() C:\xampp\htdocs\cakephp\cms\vendor\cakephp\bake\src\Command\TestCommand.php, line 452
Bake\Command\TestCommand->generateFixtureList() C:\xampp\htdocs\cakephp\cms\vendor\cakephp\bake\src\Command\TestCommand.php, line 258
Bake\Command\TestCommand->bake() C:\xampp\htdocs\cakephp\cms\vendor\cakephp\bake\src\Command\TestCommand.php, line 132
Bake\Command\TestCommand->execute() C:\xampp\htdocs\cakephp\cms\vendor\cakephp\bake\src\Command\ControllerCommand.php, line 207
Bake\Command\ControllerCommand->bakeTest() C:\xampp\htdocs\cakephp\cms\vendor\cakephp\bake\src\Command\ControllerCommand.php, line 154
Bake\Command\ControllerCommand->bake() C:\xampp\htdocs\cakephp\cms\vendor\cakephp\bake\src\Command\ControllerCommand.php, line 64
Bake\Command\ControllerCommand->execute() C:\xampp\htdocs\cakephp\cms\vendor\cakephp\bake\src\Command\AllCommand.php, line 115
Bake\Command\AllCommand->execute() C:\xampp\htdocs\cakephp\cms\vendor\cakephp\cakephp\src\Console\BaseCommand.php, line 190
Cake\Console\BaseCommand->run() C:\xampp\htdocs\cakephp\cms\vendor\cakephp\cakephp\src\Console\CommandRunner.php, line 334
Cake\Console\CommandRunner->runCommand() C:\xampp\htdocs\cakephp\cms\vendor\cakephp\cakephp\src\Console\CommandRunner.php, line 172
Cake\Console\CommandRunner->run() C:\xampp\htdocs\cakephp\cms\bin\cake.php, line 12
[main]

2025-04-25 03:58:51 notice: 4.5.0 - Dynamic properties will be removed in PHP 8.2. Add `public $MetaFields = null;` to your class definition or use `#[AllowDynamicProperties]` attribute.
C:\xampp\htdocs\cakephp\cms\vendor\cakephp\bake\src\Command\TestCommand.php, line: 493
You can disable all deprecation warnings by setting `Error.errorLevel` to `E_ALL & ~E_USER_DEPRECATED`. Adding `vendor/cakephp/bake/src/Command/TestCommand.php` to `Error.ignoredDeprecationPaths` in your `config/app.php` config will mute deprecations from that file only.
Trace:
C:\xampp\htdocs\cakephp\cms\vendor\cakephp\cakephp\src\Core\functions.php C:\xampp\htdocs\cakephp\cms\vendor\cakephp\cakephp\src\Core\functions.php, line 318
C:\xampp\htdocs\cakephp\cms\vendor\cakephp\cakephp\src\Datasource\ModelAwareTrait.php C:\xampp\htdocs\cakephp\cms\vendor\cakephp\cakephp\src\Datasource\ModelAwareTrait.php, line 121
Cake\Controller\Controller->loadModel() C:\xampp\htdocs\cakephp\cms\vendor\cakephp\bake\src\Command\TestCommand.php, line 493
Bake\Command\TestCommand->_processController() C:\xampp\htdocs\cakephp\cms\vendor\cakephp\bake\src\Command\TestCommand.php, line 452
Bake\Command\TestCommand->generateFixtureList() C:\xampp\htdocs\cakephp\cms\vendor\cakephp\bake\src\Command\TestCommand.php, line 258
Bake\Command\TestCommand->bake() C:\xampp\htdocs\cakephp\cms\vendor\cakephp\bake\src\Command\TestCommand.php, line 132
Bake\Command\TestCommand->execute() C:\xampp\htdocs\cakephp\cms\vendor\cakephp\bake\src\Command\ControllerCommand.php, line 207
Bake\Command\ControllerCommand->bakeTest() C:\xampp\htdocs\cakephp\cms\vendor\cakephp\bake\src\Command\ControllerCommand.php, line 154
Bake\Command\ControllerCommand->bake() C:\xampp\htdocs\cakephp\cms\vendor\cakephp\bake\src\Command\ControllerCommand.php, line 64
Bake\Command\ControllerCommand->execute() C:\xampp\htdocs\cakephp\cms\vendor\cakephp\bake\src\Command\AllCommand.php, line 115
Bake\Command\AllCommand->execute() C:\xampp\htdocs\cakephp\cms\vendor\cakephp\cakephp\src\Console\BaseCommand.php, line 190
Cake\Console\BaseCommand->run() C:\xampp\htdocs\cakephp\cms\vendor\cakephp\cakephp\src\Console\CommandRunner.php, line 334
Cake\Console\CommandRunner->runCommand() C:\xampp\htdocs\cakephp\cms\vendor\cakephp\cakephp\src\Console\CommandRunner.php, line 172
Cake\Console\CommandRunner->run() C:\xampp\htdocs\cakephp\cms\bin\cake.php, line 12
[main]

